.NET 2 7 8 15 ASP.NET 6
.NET 2 7 8 15 AZURE 22
.NET 2 7 8 15 C# 63
.NET 2 7 8 15 ENTITY-FRAMEWORK 3
.NET 2 7 8 15 LINQ 22
.NET 2 7 8 15 SQL-SERVER 33
.NET 2 7 8 15 WCF 29
.NET 2 7 8 15 WPF 4
AGILE 12 1 1 2 TDD 38
AJAX 6 7 7 14 CODEIGNITER 3
AJAX 6 7 7 14 CSS 28
AJAX 6 7 7 14 JAVASCRIPT 3
AJAX 6 7 7 14 JQUERY 6
AJAX 6 7 7 14 JSON 4
AJAX 6 7 7 14 MYSQL 3
AJAX 6 7 7 14 PHP 4
AMAZON-WEB-SERVICES 9 4 3 7 AZURE 3
AMAZON-WEB-SERVICES 9 4 3 7 CLOUD 3
AMAZON-WEB-SERVICES 9 4 3 7 DEVOPS 3
ANDROID 4 3 3 6 ANDROID-STUDIO 35
ANDROID 4 3 3 6 IOS 5
ANDROID 4 3 3 6 JAVA 52
ANDROID-STUDIO 4 1 1 2 ANDROID 35
ANGULAR 7 1 1 2 TYPESCRIPT 4
ANGULAR2 7 2 2 4 ANGULARJS 27
ANGULAR2 7 2 2 4 TYPESCRIPT 5
ANGULARJS 6 13 13 26 ANGULAR2 27
ANGULARJS 6 13 13 26 ASP.NET-WEB-API 3
ANGULARJS 6 13 13 26 CSS 23
ANGULARJS 6 13 13 26 EXPRESS 3
ANGULARJS 6 13 13 26 HTML5 24
ANGULARJS 6 13 13 26 IONIC-FRAMEWORK 31
ANGULARJS 6 13 13 26 JAVASCRIPT 5
ANGULARJS 6 13 13 26 JQUERY 4
ANGULARJS 6 13 13 26 MONGODB 33
ANGULARJS 6 13 13 26 NODE.JS 6
ANGULARJS 6 13 13 26 REACTJS 4
ANGULARJS 6 13 13 26 SASS 21
ANGULARJS 6 13 13 26 TWITTER-BOOTSTRAP 25
APACHE 5 3 3 6 LINUX 29
APACHE 5 3 3 6 MYSQL 30
APACHE 5 3 3 6 NGINX 50
APACHE-SPARK 10 2 1 3 HADOOP 7
API 8 1 1 2 REST 23
ASP.NET 2 12 12 24 .NET 6
ASP.NET 2 12 12 24 ASP.NET-WEB-API 6
ASP.NET 2 12 12 24 C# 2
ASP.NET 2 12 12 24 ENTITY-FRAMEWORK 1
ASP.NET 2 12 12 24 JQUERY 30
ASP.NET 2 12 12 24 LINQ 33
ASP.NET 2 12 12 24 MVC 24
ASP.NET 2 12 12 24 SQL 1
ASP.NET 2 12 12 24 SQL-SERVER 7
ASP.NET 2 12 12 24 VB.NET 25
ASP.NET 2 12 12 24 WCF 42
ASP.NET 2 12 12 24 WPF 4
ASP.NET-WEB-API 2 7 7 14 ANGULARJS 3
ASP.NET-WEB-API 2 7 7 14 ASP.NET 6
ASP.NET-WEB-API 2 7 7 14 AZURE 23
ASP.NET-WEB-API 2 7 7 14 C# 28
ASP.NET-WEB-API 2 7 7 14 ENTITY-FRAMEWORK 4
ASP.NET-WEB-API 2 7 7 14 SQL-SERVER 4
ASP.NET-WEB-API 2 7 7 14 WCF 29
AZURE 2 4 5 9 .NET 22
AZURE 2 4 5 9 AMAZON-WEB-SERVICES 3
AZURE 2 4 5 9 ASP.NET 25
AZURE 2 4 5 9 ASP.NET-WEB-API 23
AZURE 2 4 5 9 C# 3
BASH 5 3 3 6 GIT 28
BASH 5 3 3 6 LINUX 5
BASH 5 3 3 6 SHELL 3
BOOTSTRAP 6 2 2 4 CSS 3
BOOTSTRAP 6 2 2 4 JQUERY 23
C 1 3 4 7 C++ 9
C 1 3 4 7 EMBEDDED 29
C 1 3 4 7 JAVA 4
C 1 3 4 7 PYTHON 23
C# 2 14 13 27 .NET 63
C# 2 14 13 27 ASP.NET 2
C# 2 14 13 27 ASP.NET-WEB-API 28
C# 2 14 13 27 AZURE 3
C# 2 14 13 27 ENTITY-FRAMEWORK 32
C# 2 14 13 27 LINQ 26
C# 2 14 13 27 SQL 27
C# 2 14 13 27 SQL-SERVER 6
C# 2 14 13 27 UNITY3D 26
C# 2 14 13 27 VB.NET 26
C# 2 14 13 27 VISUAL-STUDIO 4
C# 2 14 13 27 WCF 30
C# 2 14 13 27 XAMARIN 26
C++ 1 4 4 8 C 9
C++ 1 4 4 8 JAVA 24
C++ 1 4 4 8 PYTHON 25
C++ 1 4 4 8 QT 31
CLOUD 9 1 1 2 AMAZON-WEB-SERVICES 3
CODEIGNITER 6 6 6 12 AJAX 3
CODEIGNITER 6 6 6 12 JQUERY 28
CODEIGNITER 6 6 6 12 LARAVEL 33
CODEIGNITER 6 6 6 12 MYSQL 24
CODEIGNITER 6 6 6 12 PHP 5
CODEIGNITER 6 6 6 12 WORDPRESS 4
CSS 6 14 13 27 AJAX 28
CSS 6 14 13 27 ANGULARJS 23
CSS 6 14 13 27 BOOTSTRAP 3
CSS 6 14 13 27 HTML 14
CSS 6 14 13 27 HTML5 10
CSS 6 14 13 27 JAVASCRIPT 9
CSS 6 14 13 27 LESS 26
CSS 6 14 13 27 MYSQL 28
CSS 6 14 13 27 PHOTOSHOP 22
CSS 6 14 13 27 PHP 52
CSS 6 14 13 27 SASS 5
CSS 6 14 13 27 TWITTER-BOOTSTRAP 4
CSS 6 14 13 27 WORDPRESS 32
DEVOPS 9 2 3 5 AMAZON-WEB-SERVICES 3
DEVOPS 9 2 3 5 DOCKER 26
DEVOPS 9 2 3 5 JENKINS 25
DJANGO 1 3 3 6 FLASK 5
DJANGO 1 3 3 6 POSTGRESQL 3
DJANGO 1 3 3 6 PYTHON 51
DOCKER 9 3 2 5 AMAZON-WEB-SERVICES 33
DOCKER 9 3 2 5 JENKINS 28
DRUPAL 6 1 1 2 WORDPRESS 26
ECLIPSE -1 1 1 2 MAVEN 26
ELASTICSEARCH 3 2 2 4 MONGODB 3
ELASTICSEARCH 3 2 2 4 REDIS 30
EMBEDDED 1 1 1 2 C 29
ENTITY-FRAMEWORK 2 8 7 15 .NET 3
ENTITY-FRAMEWORK 2 8 7 15 ASP.NET-WEB-API 4
ENTITY-FRAMEWORK 2 8 7 15 C# 32
ENTITY-FRAMEWORK 2 8 7 15 LINQ 6
ENTITY-FRAMEWORK 2 8 7 15 SQL-SERVER 4
ENTITY-FRAMEWORK 2 8 7 15 WCF 4
ENTITY-FRAMEWORK 2 8 7 15 WPF 25
EXCEL 14 2 2 4 EXCEL-VBA 6
EXCEL 14 2 2 4 VBA 6
EXCEL-VBA 14 2 2 4 EXCEL 6
EXCEL-VBA 14 2 2 4 VBA 6
EXPRESS 3 5 5 10 ANGULARJS 3
EXPRESS 3 5 5 10 MONGODB 6
EXPRESS 3 5 5 10 NODE.JS 60
EXPRESS 3 5 5 10 REACTJS 33
EXPRESS 3 5 5 10 REDUX 23
FLASK 1 2 2 4 DJANGO 5
FLASK 1 2 2 4 PYTHON 26
GIT 5 4 4 8 BASH 28
GIT 5 4 4 8 GITHUB 7
GIT 5 4 4 8 JENKINS 24
GIT 5 4 4 8 LINUX 4
GITHUB 5 1 1 2 GIT 7
GO 9 0 1 1 DOCKER 29
HADOOP 10 2 2 4 APACHE-SPARK 7
HADOOP 10 2 2 4 SCALA 3
HASKELL 10 1 1 2 SCALA 24
HIBERNATE 8 8 9 17 JAVA 4
HIBERNATE 8 8 9 17 JAVA-EE 5
HIBERNATE 8 8 9 17 JSP 40
HIBERNATE 8 8 9 17 MAVEN 35
HIBERNATE 8 8 9 17 REST 23
HIBERNATE 8 8 9 17 SPRING 11
HIBERNATE 8 8 9 17 SPRING-BOOT 31
HIBERNATE 8 8 9 17 SPRING-MVC 65
HIBERNATE 8 8 9 17 WEB-SERVICES 22
HTML 6 6 6 12 CSS 14
HTML 6 6 6 12 JAVASCRIPT 7
HTML 6 6 6 12 JQUERY 5
HTML 6 6 6 12 MYSQL 3
HTML 6 6 6 12 PHP 6
HTML 6 6 6 12 SASS 25
HTML5 6 10 10 20 ANGULARJS 24
HTML5 6 10 10 20 CSS 10
HTML5 6 10 10 20 JAVASCRIPT 6
HTML5 6 10 10 20 JQUERY 6
HTML5 6 10 10 20 LESS 3
HTML5 6 10 10 20 PHP 33
HTML5 6 10 10 20 SASS 33
HTML5 6 10 10 20 TWITTER-BOOTSTRAP 27
HTML5 6 10 10 20 TWITTER-BOOTSTRAP-3 23
HTML5 6 10 10 20 WORDPRESS 23
IONIC-FRAMEWORK 6 1 1 2 ANGULARJS 31
IOS 4 5 5 10 ANDROID 5
IOS 4 5 5 10 OBJECTIVE-C 9
IOS 4 5 5 10 OSX 31
IOS 4 5 5 10 SWIFT 10
IOS 4 5 5 10 XCODE 6
IPHONE 4 2 4 6 IOS 7
IPHONE 4 2 4 6 OBJECTIVE-C 6
IPHONE 4 2 4 6 SWIFT 5
IPHONE 4 2 4 6 XCODE 4
JAVA 8 8 8 16 ANDROID 52
JAVA 8 8 8 16 C 4
JAVA 8 8 8 16 C++ 24
JAVA 8 8 8 16 HIBERNATE 4
JAVA 8 8 8 16 JAVA-EE 26
JAVA 8 8 8 16 JSP 23
JAVA 8 8 8 16 SPRING 45
JAVA 8 8 8 16 SPRING-MVC 26
JAVA-EE 8 4 4 8 HIBERNATE 5
JAVA-EE 8 4 4 8 JAVA 26
JAVA-EE 8 4 4 8 SPRING 41
JAVA-EE 8 4 4 8 SPRING-MVC 29
JAVASCRIPT -1 12 12 24 AJAX 3
JAVASCRIPT -1 12 12 24 ANGULARJS 5
JAVASCRIPT -1 12 12 24 CSS 9
JAVASCRIPT -1 12 12 24 HTML 7
JAVASCRIPT -1 12 12 24 HTML5 6
JAVASCRIPT -1 12 12 24 JQUERY 7
JAVASCRIPT -1 12 12 24 MYSQL 3
JAVASCRIPT -1 12 12 24 NODE.JS 5
JAVASCRIPT -1 12 12 24 PHP 1
JAVASCRIPT -1 12 12 24 REACTJS 4
JAVASCRIPT -1 12 12 24 SASS 25
JAVASCRIPT -1 12 12 24 TWITTER-BOOTSTRAP 21
JENKINS 9 4 4 8 DEVOPS 25
JENKINS 9 4 4 8 DOCKER 28
JENKINS 9 4 4 8 GIT 24
JENKINS 9 4 4 8 MAVEN 4
JQUERY 6 15 16 31 AJAX 6
JQUERY 6 15 16 31 ANGULARJS 4
JQUERY 6 15 16 31 ASP.NET 30
JQUERY 6 15 16 31 BOOTSTRAP 23
JQUERY 6 15 16 31 CODEIGNITER 28
JQUERY 6 15 16 31 CSS 8
JQUERY 6 15 16 31 HTML 5
JQUERY 6 15 16 31 HTML5 6
JQUERY 6 15 16 31 JAVASCRIPT 7
JQUERY 6 15 16 31 JSON 3
JQUERY 6 15 16 31 MYSQL 5
JQUERY 6 15 16 31 PHP 48
JQUERY 6 15 16 31 SASS 3
JQUERY 6 15 16 31 TWITTER-BOOTSTRAP 5
JQUERY 6 15 16 31 TWITTER-BOOTSTRAP-3 22
JQUERY 6 15 16 31 WORDPRESS 4
JSON 6 4 4 8 AJAX 4
JSON 6 4 4 8 JQUERY 3
JSON 6 4 4 8 REST 26
JSON 6 4 4 8 XML 44
JSP 8 3 4 7 HIBERNATE 40
JSP 8 3 4 7 JAVA 23
JSP 8 3 4 7 SPRING 4
JSP 8 3 4 7 SPRING-MVC 3
LARAVEL 6 4 4 8 CODEIGNITER 33
LARAVEL 6 4 4 8 MYSQL 3
LARAVEL 6 4 4 8 PHP 6
LARAVEL 6 4 4 8 VUE.JS 4
LESS 6 2 3 5 CSS 26
LESS 6 2 3 5 HTML5 3
LESS 6 2 3 5 SASS 62
LINQ 2 7 7 14 .NET 22
LINQ 2 7 7 14 ASP.NET 33
LINQ 2 7 7 14 C# 26
LINQ 2 7 7 14 ENTITY-FRAMEWORK 6
LINQ 2 7 7 14 SQL-SERVER 21
LINQ 2 7 7 14 WCF 4
LINQ 2 7 7 14 WPF 27
LINUX 5 10 9 19 APACHE 29
LINUX 5 10 9 19 BASH 5
LINUX 5 10 9 19 GIT 4
LINUX 5 10 9 19 OSX 3
LINUX 5 10 9 19 PYTHON 3
LINUX 5 10 9 19 SHELL 22
LINUX 5 10 9 19 UBUNTU 31
LINUX 5 10 9 19 UNIX 26
LINUX 5 10 9 19 WINDOWS 31
MACHINE-LEARNING 1 2 2 4 PYTHON 4
MACHINE-LEARNING 1 2 2 4 R 3
MATLAB 1 1 1 2 R 21
MAVEN 8 5 5 10 ECLIPSE 26
MAVEN 8 5 5 10 HIBERNATE 35
MAVEN 8 5 5 10 JENKINS 4
MAVEN 8 5 5 10 SPRING 5
MAVEN 8 5 5 10 SPRING-MVC 26
MONGODB 3 7 8 15 ANGULARJS 33
MONGODB 3 7 8 15 ELASTICSEARCH 3
MONGODB 3 7 8 15 EXPRESS 6
MONGODB 3 7 8 15 MYSQL 4
MONGODB 3 7 8 15 NODE.JS 7
MONGODB 3 7 8 15 POSTGRESQL 24
MONGODB 3 7 8 15 REACTJS 1
MONGODB 3 7 8 15 REDIS 35
MVC 2 1 1 2 ASP.NET 24
MYSQL 6 11 11 22 AJAX 3
MYSQL 6 11 11 22 APACHE 30
MYSQL 6 11 11 22 CODEIGNITER 24
MYSQL 6 11 11 22 CSS 28
MYSQL 6 11 11 22 HTML 3
MYSQL 6 11 11 22 JAVASCRIPT 3
MYSQL 6 11 11 22 JQUERY 5
MYSQL 6 11 11 22 LARAVEL 3
MYSQL 6 11 11 22 MONGODB 4
MYSQL 6 11 11 22 PHP 8
MYSQL 6 11 11 22 POSTGRESQL 27
NGINX 5 2 3 5 APACHE 50
NGINX 5 2 3 5 LINUX 22
NGINX 5 2 3 5 REDIS 28
NODE.JS 3 7 7 14 ANGULARJS 6
NODE.JS 3 7 7 14 EXPRESS 60
NODE.JS 3 7 7 14 JAVASCRIPT 5
NODE.JS 3 7 7 14 MONGODB 7
NODE.JS 3 7 7 14 REACT-NATIVE 3
NODE.JS 3 7 7 14 REACTJS 56
NODE.JS 3 7 7 14 REDUX 3
OBJECTIVE-C 4 5 5 10 IOS 9
OBJECTIVE-C 4 5 5 10 IPHONE 6
OBJECTIVE-C 4 5 5 10 OSX 26
OBJECTIVE-C 4 5 5 10 SWIFT 9
OBJECTIVE-C 4 5 5 10 XCODE 5
ORACLE 2 2 2 4 PLSQL 6
ORACLE 2 2 2 4 SQL 3
OSX 4 4 4 8 IOS 31
OSX 4 4 4 8 LINUX 3
OSX 4 4 4 8 OBJECTIVE-C 26
OSX 4 4 4 8 WINDOWS 22
PERL 13 1 1 2 REGEX 22
PHOTOSHOP 6 1 1 2 CSS 22
PHP 6 10 10 20 AJAX 4
PHP 6 10 10 20 CODEIGNITER 5
PHP 6 10 10 20 CSS 52
PHP 6 10 10 20 HTML 6
PHP 6 10 10 20 HTML5 33
PHP 6 10 10 20 JAVASCRIPT 1
PHP 6 10 10 20 JQUERY 48
PHP 6 10 10 20 LARAVEL 6
PHP 6 10 10 20 MYSQL 8
PHP 6 10 10 20 WORDPRESS 5
PLSQL 2 2 2 4 ORACLE 6
PLSQL 2 2 2 4 SQL 24
POSTGRESQL 3 6 6 12 DJANGO 3
POSTGRESQL 3 6 6 12 MONGODB 24
POSTGRESQL 3 6 6 12 MYSQL 27
POSTGRESQL 3 6 6 12 REDIS 4
POSTGRESQL 3 6 6 12 RUBY 3
POSTGRESQL 3 6 6 12 RUBY-ON-RAILS 4
PYTHON 1 7 6 13 C++ 25
PYTHON 1 7 6 13 DJANGO 51
PYTHON 1 7 6 13 FLASK 26
PYTHON 1 7 6 13 LINUX 3
PYTHON 1 7 6 13 MACHINE-LEARNING 4
PYTHON 1 7 6 13 R 4
QT 1 1 1 2 C++ 31
R 1 3 3 6 MACHINE-LEARNING 3
R 1 3 3 6 MATLAB 21
R 1 3 3 6 PYTHON 4
REACT-NATIVE 3 2 3 5 NODE.JS 3
REACT-NATIVE 3 2 3 5 REACTJS 7
REACT-NATIVE 3 2 3 5 REDUX 26
REACTJS 3 8 6 14 ANGULARJS 4
REACTJS 3 8 6 14 EXPRESS 33
REACTJS 3 8 6 14 JAVASCRIPT 4
REACTJS 3 8 6 14 NODE.JS 56
REACTJS 3 8 6 14 REDUX 8
REACTJS 3 8 6 14 SASS 1
REDIS 3 4 4 8 ELASTICSEARCH 30
REDIS 3 4 4 8 MONGODB 35
REDIS 3 4 4 8 NGINX 28
REDIS 3 4 4 8 POSTGRESQL 4
REDUX 3 4 4 8 EXPRESS 23
REDUX 3 4 4 8 NODE.JS 3
REDUX 3 4 4 8 REACT-NATIVE 26
REDUX 3 4 4 8 REACTJS 8
REGEX 13 1 1 2 PERL 22
REST 8 5 5 10 API 23
REST 8 5 5 10 HIBERNATE 23
REST 8 5 5 10 JSON 26
REST 8 5 5 10 SPRING 4
REST 8 5 5 10 WEB-SERVICES 4
RUBY 3 2 2 4 POSTGRESQL 3
RUBY 3 2 2 4 RUBY-ON-RAILS 11
RUBY-ON-RAILS 3 2 2 4 POSTGRESQL 4
RUBY-ON-RAILS 3 2 2 4 RUBY 11
SASS 6 9 8 17 ANGULARJS 21
SASS 6 9 8 17 CSS 5
SASS 6 9 8 17 HTML 25
SASS 6 9 8 17 HTML5 33
SASS 6 9 8 17 JAVASCRIPT 25
SASS 6 9 8 17 JQUERY 3
SASS 6 9 8 17 REACTJS 1
SASS 6 9 8 17 TWITTER-BOOTSTRAP 3
SCALA 10 2 3 5 APACHE-SPARK 6
SCALA 10 2 3 5 HADOOP 3
SCALA 10 2 3 5 HASKELL 24
SELENIUM -1 1 1 2 TESTING 35
SHELL 5 2 2 4 BASH 3
SHELL 5 2 2 4 LINUX 22
SPRING -1 9 8 17 HIBERNATE 11
SPRING -1 9 8 17 JAVA 45
SPRING -1 9 8 17 JAVA-EE 41
SPRING -1 9 8 17 MAVEN 5
SPRING -1 9 8 17 REST 4
SPRING -1 9 8 17 SPRING-BOOT 7
SPRING -1 9 8 17 SPRING-MVC 64
SPRING -1 9 8 17 WEB-SERVICES 3
SPRING-BOOT 8 3 3 6 HIBERNATE 31
SPRING-BOOT 8 3 3 6 SPRING 7
SPRING-BOOT 8 3 3 6 SPRING-MVC 7
SPRING-MVC 8 7 6 13 JAVA 26
SPRING-MVC 8 7 6 13 JAVA-EE 29
SPRING-MVC 8 7 6 13 JSP 3
SPRING-MVC 8 7 6 13 MAVEN 26
SPRING-MVC 8 7 6 13 SPRING 64
SPRING-MVC 8 7 6 13 SPRING-BOOT 7
SQL 2 5 5 10 ASP.NET 1
SQL 2 5 5 10 C# 27
SQL 2 5 5 10 ORACLE 3
SQL 2 5 5 10 PLSQL 24
SQL 2 5 5 10 SQL-SERVER 25
SQL-SERVER 2 9 8 17 ASP.NET 7
SQL-SERVER 2 9 8 17 ASP.NET-WEB-API 4
SQL-SERVER 2 9 8 17 C# 6
SQL-SERVER 2 9 8 17 ENTITY-FRAMEWORK 4
SQL-SERVER 2 9 8 17 LINQ 21
SQL-SERVER 2 9 8 17 SQL 25
SQL-SERVER 2 9 8 17 VB.NET 23
SQL-SERVER 2 9 8 17 WCF 4
SWIFT 4 4 4 8 IOS 10
SWIFT 4 4 4 8 IPHONE 5
SWIFT 4 4 4 8 OBJECTIVE-C 9
SWIFT 4 4 4 8 XCODE 6
TDD 12 1 1 2 AGILE 38
TESTING 11 1 1 2 SELENIUM 35
TWITTER-BOOTSTRAP 6 6 6 12 ANGULARJS 25
TWITTER-BOOTSTRAP 6 6 6 12 CSS 4
TWITTER-BOOTSTRAP 6 6 6 12 HTML5 27
TWITTER-BOOTSTRAP 6 6 6 12 JAVASCRIPT 21
TWITTER-BOOTSTRAP 6 6 6 12 JQUERY 5
TWITTER-BOOTSTRAP 6 6 6 12 SASS 3
TWITTER-BOOTSTRAP-3 6 2 2 4 HTML5 23
TWITTER-BOOTSTRAP-3 6 2 2 4 JQUERY 22
TYPESCRIPT 7 2 2 4 ANGULAR 4
TYPESCRIPT 7 2 2 4 ANGULAR2 5
UBUNTU 5 1 1 2 LINUX 31
UNITY3D 2 1 1 2 C# 26
UNIX 5 1 1 2 LINUX 26
VB.NET 2 3 3 6 ASP.NET 25
VB.NET 2 3 3 6 C# 26
VB.NET 2 3 3 6 SQL-SERVER 23
VBA 14 2 2 4 EXCEL 6
VBA 14 2 2 4 EXCEL-VBA 6
VISUAL-STUDIO 2 1 1 2 C# 4
VUE.JS 6 1 1 2 LARAVEL 4
WCF 2 8 8 16 .NET 29
WCF 2 8 8 16 ASP.NET 42
WCF 2 8 8 16 ASP.NET-WEB-API 29
WCF 2 8 8 16 C# 30
WCF 2 8 8 16 ENTITY-FRAMEWORK 4
WCF 2 8 8 16 LINQ 4
WCF 2 8 8 16 SQL-SERVER 4
WCF 2 8 8 16 WPF 6
WEB-SERVICES 8 3 3 6 HIBERNATE 22
WEB-SERVICES 8 3 3 6 REST 4
WEB-SERVICES 8 3 3 6 SPRING 3
WINDOWS 5 2 3 5 LINUX 31
WINDOWS 5 2 3 5 OSX 22
WINDOWS 5 2 3 5 POWERSHELL 3
WORDPRESS 6 6 6 12 CODEIGNITER 4
WORDPRESS 6 6 6 12 CSS 32
WORDPRESS 6 6 6 12 DRUPAL 26
WORDPRESS 6 6 6 12 HTML5 23
WORDPRESS 6 6 6 12 JQUERY 4
WORDPRESS 6 6 6 12 PHP 5
WPF 2 5 6 11 .NET 4
WPF 2 5 6 11 ASP.NET 4
WPF 2 5 6 11 C# 5
WPF 2 5 6 11 ENTITY-FRAMEWORK 25
WPF 2 5 6 11 LINQ 27
WPF 2 5 6 11 WCF 6
XAMARIN 2 1 1 2 C# 26
XCODE 4 4 2 6 OBJECTIVE-C 5
XCODE 4 4 2 6 SWIFT 6
XML 6 1 1 2 JSON 44
